# JRE version: Java(TM) SE Runtime Environment (8.0_191-b12) (build 1.8.0_191-b12)
# Java VM: Java HotSpot(TM) 64-Bit Server VM (25.191-b12 mixed mode windows-amd64 compressed oops)
Heap:
 PSYoungGen      total 260608K, used 32744K [0x000000076ad80000, 0x000000077b880000, 0x00000007c0000000)
  eden space 250880K, 13% used [0x000000076ad80000,0x000000076cd7a160,0x000000077a280000)
  from space 9728K, 0% used [0x000000077ae00000,0x000000077ae00000,0x000000077b780000)
  to   space 11264K, 0% used [0x000000077a280000,0x000000077a280000,0x000000077ad80000)
 ParOldGen       total 76288K, used 18902K [0x00000006c0800000, 0x00000006c5280000, 0x000000076ad80000)
  object space 76288K, 24% used [0x00000006c0800000,0x00000006c1a75a58,0x00000006c5280000)
 Metaspace       used 34957K, capacity 36501K, committed 36608K, reserved 1081344K
  class space    used 4740K, capacity 5061K, committed 5120K, reserved 1048576K
GC Heap History (10 events):
Event: 5.337 GC heap before
{Heap before GC invocations=6 (full 1):
 PSYoungGen      total 141824K, used 131072K [0x000000076ad80000, 0x0000000774280000, 0x00000007c0000000)
  eden space 131072K, 100% used [0x000000076ad80000,0x0000000772d80000,0x0000000772d80000)
  from space 10752K, 0% used [0x0000000773800000,0x0000000773800000,0x0000000774280000)
  to   space 10752K, 0% used [0x0000000772d80000,0x0000000772d80000,0x0000000773800000)
 ParOldGen       total 76288K, used 6173K [0x00000006c0800000, 0x00000006c5280000, 0x000000076ad80000)
  object space 76288K, 8% used [0x00000006c0800000,0x00000006c0e075d0,0x00000006c5280000)
 Metaspace       used 24866K, capacity 25826K, committed 26112K, reserved 1071104K
  class space    used 3328K, capacity 3541K, committed 3584K, reserved 1048576K
Event: 5.349 GC heap after
Heap after GC invocations=6 (full 1):
 PSYoungGen      total 141824K, used 6315K [0x000000076ad80000, 0x000000077b780000, 0x00000007c0000000)
  eden space 131072K, 0% used [0x000000076ad80000,0x000000076ad80000,0x0000000772d80000)
  from space 10752K, 58% used [0x0000000772d80000,0x00000007733aacd8,0x0000000773800000)
  to   space 9728K, 0% used [0x000000077ae00000,0x000000077ae00000,0x000000077b780000)
 ParOldGen       total 76288K, used 6181K [0x00000006c0800000, 0x00000006c5280000, 0x000000076ad80000)
  object space 76288K, 8% used [0x00000006c0800000,0x00000006c0e095d0,0x00000006c5280000)
 Metaspace       used 24866K, capacity 25826K, committed 26112K, reserved 1071104K
  class space    used 3328K, capacity 3541K, committed 3584K, reserved 1048576K
}
Event: 6.555 GC heap before
{Heap before GC invocations=7 (full 1):
 PSYoungGen      total 141824K, used 137387K [0x000000076ad80000, 0x000000077b780000, 0x00000007c0000000)
  eden space 131072K, 100% used [0x000000076ad80000,0x0000000772d80000,0x0000000772d80000)
  from space 10752K, 58% used [0x0000000772d80000,0x00000007733aacd8,0x0000000773800000)
  to   space 9728K, 0% used [0x000000077ae00000,0x000000077ae00000,0x000000077b780000)
 ParOldGen       total 76288K, used 6181K [0x00000006c0800000, 0x00000006c5280000, 0x000000076ad80000)
  object space 76288K, 8% used [0x00000006c0800000,0x00000006c0e095d0,0x00000006c5280000)
 Metaspace       used 28537K, capacity 29688K, committed 29824K, reserved 1075200K
  class space    used 3856K, capacity 4130K, committed 4224K, reserved 1048576K
Event: 6.564 GC heap after
Heap after GC invocations=7 (full 1):
 PSYoungGen      total 260608K, used 9703K [0x000000076ad80000, 0x000000077b880000, 0x00000007c0000000)
  eden space 250880K, 0% used [0x000000076ad80000,0x000000076ad80000,0x000000077a280000)
  from space 9728K, 99% used [0x000000077ae00000,0x000000077b779d80,0x000000077b780000)
  to   space 11264K, 0% used [0x000000077a280000,0x000000077a280000,0x000000077ad80000)
 ParOldGen       total 76288K, used 6757K [0x00000006c0800000, 0x00000006c5280000, 0x000000076ad80000)
  object space 76288K, 8% used [0x00000006c0800000,0x00000006c0e997b8,0x00000006c5280000)
 Metaspace       used 28537K, capacity 29688K, committed 29824K, reserved 1075200K
  class space    used 3856K, capacity 4130K, committed 4224K, reserved 1048576K
}
Event: 8.623 GC heap before
{Heap before GC invocations=8 (full 1):
 PSYoungGen      total 260608K, used 260583K [0x000000076ad80000, 0x000000077b880000, 0x00000007c0000000)
  eden space 250880K, 100% used [0x000000076ad80000,0x000000077a280000,0x000000077a280000)
  from space 9728K, 99% used [0x000000077ae00000,0x000000077b779d80,0x000000077b780000)
  to   space 11264K, 0% used [0x000000077a280000,0x000000077a280000,0x000000077ad80000)
 ParOldGen       total 76288K, used 6757K [0x00000006c0800000, 0x00000006c5280000, 0x000000076ad80000)
  object space 76288K, 8% used [0x00000006c0800000,0x00000006c0e997b8,0x00000006c5280000)
 Metaspace       used 33544K, capacity 34980K, committed 35072K, reserved 1079296K
  class space    used 4537K, capacity 4822K, committed 4864K, reserved 1048576K
Event: 8.639 GC heap after
Heap after GC invocations=8 (full 1):
 PSYoungGen      total 262144K, used 11242K [0x000000076ad80000, 0x000000077b880000, 0x00000007c0000000)
  eden space 250880K, 0% used [0x000000076ad80000,0x000000076ad80000,0x000000077a280000)
  from space 11264K, 99% used [0x000000077a280000,0x000000077ad7aa10,0x000000077ad80000)
  to   space 9728K, 0% used [0x000000077ae00000,0x000000077ae00000,0x000000077b780000)
 ParOldGen       total 76288K, used 13905K [0x00000006c0800000, 0x00000006c5280000, 0x000000076ad80000)
  object space 76288K, 18% used [0x00000006c0800000,0x00000006c15947c0,0x00000006c5280000)
 Metaspace       used 33544K, capacity 34980K, committed 35072K, reserved 1079296K
  class space    used 4537K, capacity 4822K, committed 4864K, reserved 1048576K
}
Event: 9.096 GC heap before
{Heap before GC invocations=9 (full 1):
 PSYoungGen      total 262144K, used 37502K [0x000000076ad80000, 0x000000077b880000, 0x00000007c0000000)
  eden space 250880K, 10% used [0x000000076ad80000,0x000000076c724e40,0x000000077a280000)
  from space 11264K, 99% used [0x000000077a280000,0x000000077ad7aa10,0x000000077ad80000)
  to   space 9728K, 0% used [0x000000077ae00000,0x000000077ae00000,0x000000077b780000)
 ParOldGen       total 76288K, used 13905K [0x00000006c0800000, 0x00000006c5280000, 0x000000076ad80000)
  object space 76288K, 18% used [0x00000006c0800000,0x00000006c15947c0,0x00000006c5280000)
 Metaspace       used 33878K, capacity 35453K, committed 35496K, reserved 1079296K
  class space    used 4580K, capacity 4864K, committed 4864K, reserved 1048576K
Event: 9.111 GC heap after
Heap after GC invocations=9 (full 1):
 PSYoungGen      total 260608K, used 9706K [0x000000076ad80000, 0x000000077b880000, 0x00000007c0000000)
  eden space 250880K, 0% used [0x000000076ad80000,0x000000076ad80000,0x000000077a280000)
  from space 9728K, 99% used [0x000000077ae00000,0x000000077b77abc0,0x000000077b780000)
  to   space 11264K, 0% used [0x000000077a280000,0x000000077a280000,0x000000077ad80000)
 ParOldGen       total 76288K, used 14852K [0x00000006c0800000, 0x00000006c5280000, 0x000000076ad80000)
  object space 76288K, 19% used [0x00000006c0800000,0x00000006c1681388,0x00000006c5280000)
 Metaspace       used 33878K, capacity 35453K, committed 35496K, reserved 1079296K
  class space    used 4580K, capacity 4864K, committed 4864K, reserved 1048576K
}
Event: 9.111 GC heap before
{Heap before GC invocations=10 (full 2):
 PSYoungGen      total 260608K, used 9706K [0x000000076ad80000, 0x000000077b880000, 0x00000007c0000000)
  eden space 250880K, 0% used [0x000000076ad80000,0x000000076ad80000,0x000000077a280000)
  from space 9728K, 99% used [0x000000077ae00000,0x000000077b77abc0,0x000000077b780000)
  to   space 11264K, 0% used [0x000000077a280000,0x000000077a280000,0x000000077ad80000)
 ParOldGen       total 76288K, used 14852K [0x00000006c0800000, 0x00000006c5280000, 0x000000076ad80000)
  object space 76288K, 19% used [0x00000006c0800000,0x00000006c1681388,0x00000006c5280000)
 Metaspace       used 33878K, capacity 35453K, committed 35496K, reserved 1079296K
  class space    used 4580K, capacity 4864K, committed 4864K, reserved 1048576K
Event: 9.206 GC heap after
Heap after GC invocations=10 (full 2):
 PSYoungGen      total 260608K, used 0K [0x000000076ad80000, 0x000000077b880000, 0x00000007c0000000)
  eden space 250880K, 0% used [0x000000076ad80000,0x000000076ad80000,0x000000077a280000)
  from space 9728K, 0% used [0x000000077ae00000,0x000000077ae00000,0x000000077b780000)
  to   space 11264K, 0% used [0x000000077a280000,0x000000077a280000,0x000000077ad80000)
 ParOldGen       total 76288K, used 18902K [0x00000006c0800000, 0x00000006c5280000, 0x000000076ad80000)
  object space 76288K, 24% used [0x00000006c0800000,0x00000006c1a75a58,0x00000006c5280000)
 Metaspace       used 33878K, capacity 35453K, committed 35496K, reserved 1079296K
  class space    used 4580K, capacity 4864K, committed 4864K, reserved 1048576K
}

