# JRE version: Java(TM) SE Runtime Environment (8.0_191-b12) (build 1.8.0_191-b12)
# Java VM: Java HotSpot(TM) 64-Bit Server VM (25.191-b12 mixed mode windows-amd64 compressed oops)
Heap:
 PSYoungGen      total 225792K, used 10434K [0x000000076ad80000, 0x0000000781e80000, 0x00000007c0000000)
  eden space 215040K, 0% used [0x000000076ad80000,0x000000076ad80000,0x0000000777f80000)
  from space 10752K, 97% used [0x0000000777f80000,0x00000007789b09f0,0x0000000778a00000)
  to   space 11776K, 0% used [0x0000000781300000,0x0000000781300000,0x0000000781e80000)
 ParOldGen       total 93184K, used 8998K [0x00000006c0800000, 0x00000006c6300000, 0x000000076ad80000)
  object space 93184K, 9% used [0x00000006c0800000,0x00000006c10c9920,0x00000006c6300000)
 Metaspace       used 33952K, capacity 35334K, committed 35416K, reserved 1079296K
  class space    used 4346K, capacity 4615K, committed 4696K, reserved 1048576K
GC Heap History (10 events):
Event: 3.000 GC heap after
Heap after GC invocations=4 (full 0):
 PSYoungGen      total 141824K, used 8230K [0x000000076ad80000, 0x0000000774280000, 0x00000007c0000000)
  eden space 131072K, 0% used [0x000000076ad80000,0x000000076ad80000,0x0000000772d80000)
  from space 10752K, 76% used [0x0000000773800000,0x0000000774009a10,0x0000000774280000)
  to   space 10752K, 0% used [0x0000000772d80000,0x0000000772d80000,0x0000000773800000)
 ParOldGen       total 175104K, used 40K [0x00000006c0800000, 0x00000006cb300000, 0x000000076ad80000)
  object space 175104K, 0% used [0x00000006c0800000,0x00000006c080a000,0x00000006cb300000)
 Metaspace       used 20539K, capacity 21138K, committed 21248K, reserved 1067008K
  class space    used 2620K, capacity 2773K, committed 2816K, reserved 1048576K
}
Event: 3.000 GC heap before
{Heap before GC invocations=5 (full 1):
 PSYoungGen      total 141824K, used 8230K [0x000000076ad80000, 0x0000000774280000, 0x00000007c0000000)
  eden space 131072K, 0% used [0x000000076ad80000,0x000000076ad80000,0x0000000772d80000)
  from space 10752K, 76% used [0x0000000773800000,0x0000000774009a10,0x0000000774280000)
  to   space 10752K, 0% used [0x0000000772d80000,0x0000000772d80000,0x0000000773800000)
 ParOldGen       total 175104K, used 40K [0x00000006c0800000, 0x00000006cb300000, 0x000000076ad80000)
  object space 175104K, 0% used [0x00000006c0800000,0x00000006c080a000,0x00000006cb300000)
 Metaspace       used 20539K, capacity 21138K, committed 21248K, reserved 1067008K
  class space    used 2620K, capacity 2773K, committed 2816K, reserved 1048576K
Event: 3.022 GC heap after
Heap after GC invocations=5 (full 1):
 PSYoungGen      total 141824K, used 0K [0x000000076ad80000, 0x0000000774280000, 0x00000007c0000000)
  eden space 131072K, 0% used [0x000000076ad80000,0x000000076ad80000,0x0000000772d80000)
  from space 10752K, 0% used [0x0000000773800000,0x0000000773800000,0x0000000774280000)
  to   space 10752K, 0% used [0x0000000772d80000,0x0000000772d80000,0x0000000773800000)
 ParOldGen       total 93184K, used 7892K [0x00000006c0800000, 0x00000006c6300000, 0x000000076ad80000)
  object space 93184K, 8% used [0x00000006c0800000,0x00000006c0fb5250,0x00000006c6300000)
 Metaspace       used 20539K, capacity 21138K, committed 21248K, reserved 1067008K
  class space    used 2620K, capacity 2773K, committed 2816K, reserved 1048576K
}
Event: 4.404 GC heap before
{Heap before GC invocations=6 (full 1):
 PSYoungGen      total 141824K, used 131072K [0x000000076ad80000, 0x0000000774280000, 0x00000007c0000000)
  eden space 131072K, 100% used [0x000000076ad80000,0x0000000772d80000,0x0000000772d80000)
  from space 10752K, 0% used [0x0000000773800000,0x0000000773800000,0x0000000774280000)
  to   space 10752K, 0% used [0x0000000772d80000,0x0000000772d80000,0x0000000773800000)
 ParOldGen       total 93184K, used 7892K [0x00000006c0800000, 0x00000006c6300000, 0x000000076ad80000)
  object space 93184K, 8% used [0x00000006c0800000,0x00000006c0fb5250,0x00000006c6300000)
 Metaspace       used 27732K, capacity 28612K, committed 28928K, reserved 1075200K
  class space    used 3559K, capacity 3768K, committed 3840K, reserved 1048576K
Event: 4.412 GC heap after
Heap after GC invocations=6 (full 1):
 PSYoungGen      total 141824K, used 7256K [0x000000076ad80000, 0x0000000779480000, 0x00000007c0000000)
  eden space 131072K, 0% used [0x000000076ad80000,0x000000076ad80000,0x0000000772d80000)
  from space 10752K, 67% used [0x0000000772d80000,0x0000000773496058,0x0000000773800000)
  to   space 9216K, 0% used [0x0000000778b80000,0x0000000778b80000,0x0000000779480000)
 ParOldGen       total 93184K, used 7964K [0x00000006c0800000, 0x00000006c6300000, 0x000000076ad80000)
  object space 93184K, 8% used [0x00000006c0800000,0x00000006c0fc7260,0x00000006c6300000)
 Metaspace       used 27732K, capacity 28612K, committed 28928K, reserved 1075200K
  class space    used 3559K, capacity 3768K, committed 3840K, reserved 1048576K
}
Event: 5.356 GC heap before
{Heap before GC invocations=7 (full 1):
 PSYoungGen      total 141824K, used 138328K [0x000000076ad80000, 0x0000000779480000, 0x00000007c0000000)
  eden space 131072K, 100% used [0x000000076ad80000,0x0000000772d80000,0x0000000772d80000)
  from space 10752K, 67% used [0x0000000772d80000,0x0000000773496058,0x0000000773800000)
  to   space 9216K, 0% used [0x0000000778b80000,0x0000000778b80000,0x0000000779480000)
 ParOldGen       total 93184K, used 7964K [0x00000006c0800000, 0x00000006c6300000, 0x000000076ad80000)
  object space 93184K, 8% used [0x00000006c0800000,0x00000006c0fc7260,0x00000006c6300000)
 Metaspace       used 31221K, capacity 32294K, committed 32512K, reserved 1077248K
  class space    used 3996K, capacity 4225K, committed 4352K, reserved 1048576K
Event: 5.365 GC heap after
Heap after GC invocations=7 (full 1):
 PSYoungGen      total 224256K, used 9206K [0x000000076ad80000, 0x0000000779480000, 0x00000007c0000000)
  eden space 215040K, 0% used [0x000000076ad80000,0x000000076ad80000,0x0000000777f80000)
  from space 9216K, 99% used [0x0000000778b80000,0x000000077947d9b0,0x0000000779480000)
  to   space 10752K, 0% used [0x0000000777f80000,0x0000000777f80000,0x0000000778a00000)
 ParOldGen       total 93184K, used 8990K [0x00000006c0800000, 0x00000006c6300000, 0x000000076ad80000)
  object space 93184K, 9% used [0x00000006c0800000,0x00000006c10c7920,0x00000006c6300000)
 Metaspace       used 31221K, capacity 32294K, committed 32512K, reserved 1077248K
  class space    used 3996K, capacity 4225K, committed 4352K, reserved 1048576K
}
Event: 6.474 GC heap before
{Heap before GC invocations=8 (full 1):
 PSYoungGen      total 224256K, used 135790K [0x000000076ad80000, 0x0000000779480000, 0x00000007c0000000)
  eden space 215040K, 58% used [0x000000076ad80000,0x000000077291df10,0x0000000777f80000)
  from space 9216K, 99% used [0x0000000778b80000,0x000000077947d9b0,0x0000000779480000)
  to   space 10752K, 0% used [0x0000000777f80000,0x0000000777f80000,0x0000000778a00000)
 ParOldGen       total 93184K, used 8990K [0x00000006c0800000, 0x00000006c6300000, 0x000000076ad80000)
  object space 93184K, 9% used [0x00000006c0800000,0x00000006c10c7920,0x00000006c6300000)
 Metaspace       used 33952K, capacity 35334K, committed 35416K, reserved 1079296K
  class space    used 4346K, capacity 4615K, committed 4696K, reserved 1048576K
Event: 6.491 GC heap after
Heap after GC invocations=8 (full 1):
 PSYoungGen      total 225792K, used 10434K [0x000000076ad80000, 0x0000000781e80000, 0x00000007c0000000)
  eden space 215040K, 0% used [0x000000076ad80000,0x000000076ad80000,0x0000000777f80000)
  from space 10752K, 97% used [0x0000000777f80000,0x00000007789b09f0,0x0000000778a00000)
  to   space 11776K, 0% used [0x0000000781300000,0x0000000781300000,0x0000000781e80000)
 ParOldGen       total 93184K, used 8998K [0x00000006c0800000, 0x00000006c6300000, 0x000000076ad80000)
  object space 93184K, 9% used [0x00000006c0800000,0x00000006c10c9920,0x00000006c6300000)
 Metaspace       used 33952K, capacity 35334K, committed 35416K, reserved 1079296K
  class space    used 4346K, capacity 4615K, committed 4696K, reserved 1048576K
}
Event: 6.491 GC heap before
{Heap before GC invocations=9 (full 2):
 PSYoungGen      total 225792K, used 10434K [0x000000076ad80000, 0x0000000781e80000, 0x00000007c0000000)
  eden space 215040K, 0% used [0x000000076ad80000,0x000000076ad80000,0x0000000777f80000)
  from space 10752K, 97% used [0x0000000777f80000,0x00000007789b09f0,0x0000000778a00000)
  to   space 11776K, 0% used [0x0000000781300000,0x0000000781300000,0x0000000781e80000)
 ParOldGen       total 93184K, used 8998K [0x00000006c0800000, 0x00000006c6300000, 0x000000076ad80000)
  object space 93184K, 9% used [0x00000006c0800000,0x00000006c10c9920,0x00000006c6300000)
 Metaspace       used 33952K, capacity 35334K, committed 35416K, reserved 1079296K
  class space    used 4346K, capacity 4615K, committed 4696K, reserved 1048576K

