# JRE version: Java(TM) SE Runtime Environment (8.0_191-b12) (build 1.8.0_191-b12)
# Java VM: Java HotSpot(TM) 64-Bit Server VM (25.191-b12 mixed mode windows-amd64 compressed oops)
Heap:
 PSYoungGen      total 218624K, used 132379K [0x000000076ad80000, 0x000000077a000000, 0x00000007c0000000)
  eden space 211968K, 59% used [0x000000076ad80000,0x000000077284e070,0x0000000777c80000)
  from space 6656K, 99% used [0x0000000779980000,0x0000000779ff8c90,0x000000077a000000)
  to   space 13312K, 0% used [0x0000000778600000,0x0000000778600000,0x0000000779300000)
 ParOldGen       total 115200K, used 14822K [0x00000006c0800000, 0x00000006c7880000, 0x000000076ad80000)
  object space 115200K, 12% used [0x00000006c0800000,0x00000006c1679808,0x00000006c7880000)
 Metaspace       used 43609K, capacity 45382K, committed 45616K, reserved 1089536K
  class space    used 5754K, capacity 6109K, committed 6192K, reserved 1048576K
GC Heap History (10 events):
Event: 4.808 GC heap before
{Heap before GC invocations=6 (full 1):
 PSYoungGen      total 141824K, used 131072K [0x000000076ad80000, 0x0000000774280000, 0x00000007c0000000)
  eden space 131072K, 100% used [0x000000076ad80000,0x0000000772d80000,0x0000000772d80000)
  from space 10752K, 0% used [0x0000000773800000,0x0000000773800000,0x0000000774280000)
  to   space 10752K, 0% used [0x0000000772d80000,0x0000000772d80000,0x0000000773800000)
 ParOldGen       total 81408K, used 5355K [0x00000006c0800000, 0x00000006c5780000, 0x000000076ad80000)
  object space 81408K, 6% used [0x00000006c0800000,0x00000006c0d3af28,0x00000006c5780000)
 Metaspace       used 28402K, capacity 29378K, committed 29488K, reserved 1075200K
  class space    used 3655K, capacity 3879K, committed 3888K, reserved 1048576K
Event: 4.821 GC heap after
Heap after GC invocations=6 (full 1):
 PSYoungGen      total 141824K, used 8360K [0x000000076ad80000, 0x0000000774280000, 0x00000007c0000000)
  eden space 131072K, 0% used [0x000000076ad80000,0x000000076ad80000,0x0000000772d80000)
  from space 10752K, 77% used [0x0000000772d80000,0x00000007735aa288,0x0000000773800000)
  to   space 10752K, 0% used [0x0000000773800000,0x0000000773800000,0x0000000774280000)
 ParOldGen       total 81408K, used 5427K [0x00000006c0800000, 0x00000006c5780000, 0x000000076ad80000)
  object space 81408K, 6% used [0x00000006c0800000,0x00000006c0d4cf38,0x00000006c5780000)
 Metaspace       used 28402K, capacity 29378K, committed 29488K, reserved 1075200K
  class space    used 3655K, capacity 3879K, committed 3888K, reserved 1048576K
}
Event: 5.771 GC heap before
{Heap before GC invocations=7 (full 1):
 PSYoungGen      total 141824K, used 139432K [0x000000076ad80000, 0x0000000774280000, 0x00000007c0000000)
  eden space 131072K, 100% used [0x000000076ad80000,0x0000000772d80000,0x0000000772d80000)
  from space 10752K, 77% used [0x0000000772d80000,0x00000007735aa288,0x0000000773800000)
  to   space 10752K, 0% used [0x0000000773800000,0x0000000773800000,0x0000000774280000)
 ParOldGen       total 81408K, used 5427K [0x00000006c0800000, 0x00000006c5780000, 0x000000076ad80000)
  object space 81408K, 6% used [0x00000006c0800000,0x00000006c0d4cf38,0x00000006c5780000)
 Metaspace       used 33105K, capacity 34300K, committed 34480K, reserved 1079296K
  class space    used 4235K, capacity 4496K, committed 4528K, reserved 1048576K
Event: 5.780 GC heap after
Heap after GC invocations=7 (full 1):
 PSYoungGen      total 139264K, used 10746K [0x000000076ad80000, 0x000000077ac80000, 0x00000007c0000000)
  eden space 128512K, 0% used [0x000000076ad80000,0x000000076ad80000,0x0000000772b00000)
  from space 10752K, 99% used [0x0000000773800000,0x000000077427e870,0x0000000774280000)
  to   space 13312K, 0% used [0x0000000772b00000,0x0000000772b00000,0x0000000773800000)
 ParOldGen       total 81408K, used 6493K [0x00000006c0800000, 0x00000006c5780000, 0x000000076ad80000)
  object space 81408K, 7% used [0x00000006c0800000,0x00000006c0e574d8,0x00000006c5780000)
 Metaspace       used 33105K, capacity 34300K, committed 34480K, reserved 1079296K
  class space    used 4235K, capacity 4496K, committed 4528K, reserved 1048576K
}
Event: 6.182 GC heap before
{Heap before GC invocations=8 (full 1):
 PSYoungGen      total 139264K, used 80812K [0x000000076ad80000, 0x000000077ac80000, 0x00000007c0000000)
  eden space 128512K, 54% used [0x000000076ad80000,0x000000076f1ec868,0x0000000772b00000)
  from space 10752K, 99% used [0x0000000773800000,0x000000077427e870,0x0000000774280000)
  to   space 13312K, 0% used [0x0000000772b00000,0x0000000772b00000,0x0000000773800000)
 ParOldGen       total 81408K, used 6493K [0x00000006c0800000, 0x00000006c5780000, 0x000000076ad80000)
  object space 81408K, 7% used [0x00000006c0800000,0x00000006c0e574d8,0x00000006c5780000)
 Metaspace       used 34274K, capacity 35400K, committed 35496K, reserved 1081344K
  class space    used 4406K, capacity 4640K, committed 4656K, reserved 1048576K
Event: 6.191 GC heap after
Heap after GC invocations=8 (full 1):
 PSYoungGen      total 141824K, used 9927K [0x000000076ad80000, 0x000000077a680000, 0x00000007c0000000)
  eden space 128512K, 0% used [0x000000076ad80000,0x000000076ad80000,0x0000000772b00000)
  from space 13312K, 74% used [0x0000000772b00000,0x00000007734b1de0,0x0000000773800000)
  to   space 13312K, 0% used [0x0000000779980000,0x0000000779980000,0x000000077a680000)
 ParOldGen       total 81408K, used 6520K [0x00000006c0800000, 0x00000006c5780000, 0x000000076ad80000)
  object space 81408K, 8% used [0x00000006c0800000,0x00000006c0e5e128,0x00000006c5780000)
 Metaspace       used 34274K, capacity 35400K, committed 35496K, reserved 1081344K
  class space    used 4406K, capacity 4640K, committed 4656K, reserved 1048576K
}
Event: 6.191 GC heap before
{Heap before GC invocations=9 (full 2):
 PSYoungGen      total 141824K, used 9927K [0x000000076ad80000, 0x000000077a680000, 0x00000007c0000000)
  eden space 128512K, 0% used [0x000000076ad80000,0x000000076ad80000,0x0000000772b00000)
  from space 13312K, 74% used [0x0000000772b00000,0x00000007734b1de0,0x0000000773800000)
  to   space 13312K, 0% used [0x0000000779980000,0x0000000779980000,0x000000077a680000)
 ParOldGen       total 81408K, used 6520K [0x00000006c0800000, 0x00000006c5780000, 0x000000076ad80000)
  object space 81408K, 8% used [0x00000006c0800000,0x00000006c0e5e128,0x00000006c5780000)
 Metaspace       used 34274K, capacity 35400K, committed 35496K, reserved 1081344K
  class space    used 4406K, capacity 4640K, committed 4656K, reserved 1048576K
Event: 6.235 GC heap after
Heap after GC invocations=9 (full 2):
 PSYoungGen      total 141824K, used 0K [0x000000076ad80000, 0x000000077a680000, 0x00000007c0000000)
  eden space 128512K, 0% used [0x000000076ad80000,0x000000076ad80000,0x0000000772b00000)
  from space 13312K, 0% used [0x0000000772b00000,0x0000000772b00000,0x0000000773800000)
  to   space 13312K, 0% used [0x0000000779980000,0x0000000779980000,0x000000077a680000)
 ParOldGen       total 115200K, used 14814K [0x00000006c0800000, 0x00000006c7880000, 0x000000076ad80000)
  object space 115200K, 12% used [0x00000006c0800000,0x00000006c1677808,0x00000006c7880000)
 Metaspace       used 34274K, capacity 35400K, committed 35496K, reserved 1081344K
  class space    used 4406K, capacity 4640K, committed 4656K, reserved 1048576K
}
Event: 7.118 GC heap before
{Heap before GC invocations=10 (full 2):
 PSYoungGen      total 141824K, used 128512K [0x000000076ad80000, 0x000000077a680000, 0x00000007c0000000)
  eden space 128512K, 100% used [0x000000076ad80000,0x0000000772b00000,0x0000000772b00000)
  from space 13312K, 0% used [0x0000000772b00000,0x0000000772b00000,0x0000000773800000)
  to   space 13312K, 0% used [0x0000000779980000,0x0000000779980000,0x000000077a680000)
 ParOldGen       total 115200K, used 14814K [0x00000006c0800000, 0x00000006c7880000, 0x000000076ad80000)
  object space 115200K, 12% used [0x00000006c0800000,0x00000006c1677808,0x00000006c7880000)
 Metaspace       used 40987K, capacity 42422K, committed 42544K, reserved 1085440K
  class space    used 5384K, capacity 5655K, committed 5680K, reserved 1048576K
Event: 7.124 GC heap after
Heap after GC invocations=10 (full 2):
 PSYoungGen      total 218624K, used 6627K [0x000000076ad80000, 0x000000077a000000, 0x00000007c0000000)
  eden space 211968K, 0% used [0x000000076ad80000,0x000000076ad80000,0x0000000777c80000)
  from space 6656K, 99% used [0x0000000779980000,0x0000000779ff8c90,0x000000077a000000)
  to   space 13312K, 0% used [0x0000000778600000,0x0000000778600000,0x0000000779300000)
 ParOldGen       total 115200K, used 14822K [0x00000006c0800000, 0x00000006c7880000, 0x000000076ad80000)
  object space 115200K, 12% used [0x00000006c0800000,0x00000006c1679808,0x00000006c7880000)
 Metaspace       used 40987K, capacity 42422K, committed 42544K, reserved 1085440K
  class space    used 5384K, capacity 5655K, committed 5680K, reserved 1048576K
}

